c:\users\kazu\documents\visual studio 2015\projects\basic fraim work\basic fraim work\debug\vc140.pdb
c:\users\kazu\documents\visual studio 2015\projects\basic fraim work\basic fraim work\debug\vc140.idb
c:\users\kazu\documents\visual studio 2015\projects\basic fraim work\basic fraim work\debug\basic.obj
c:\users\kazu\documents\visual studio 2015\projects\basic fraim work\basic fraim work\debug\bg.obj
c:\users\kazu\documents\visual studio 2015\projects\basic fraim work\basic fraim work\debug\camera.obj
c:\users\kazu\documents\visual studio 2015\projects\basic fraim work\basic fraim work\debug\gameobject.obj
c:\users\kazu\documents\visual studio 2015\projects\basic fraim work\basic fraim work\debug\input.obj
c:\users\kazu\documents\visual studio 2015\projects\basic fraim work\basic fraim work\debug\light.obj
c:\users\kazu\documents\visual studio 2015\projects\basic fraim work\basic fraim work\debug\main.obj
c:\users\kazu\documents\visual studio 2015\projects\basic fraim work\basic fraim work\debug\mathwk.obj
c:\users\kazu\documents\visual studio 2015\projects\basic fraim work\basic fraim work\debug\meshfield.obj
c:\users\kazu\documents\visual studio 2015\projects\basic fraim work\basic fraim work\debug\result.obj
c:\users\kazu\documents\visual studio 2015\projects\basic fraim work\basic fraim work\debug\scenemanager.obj
c:\users\kazu\documents\visual studio 2015\projects\basic fraim work\basic fraim work\debug\texture.obj
c:\users\kazu\documents\visual studio 2015\projects\basic fraim work\basic fraim work\debug\titile.obj
c:\users\kazu\documents\visual studio 2015\projects\basic fraim work\basic fraim work\debug\titlemenu.obj
c:\users\kazu\documents\visual studio 2015\projects\basic fraim work\basic fraim work\debug\titleobject.obj
c:\users\kazu\documents\visual studio 2015\projects\basic fraim work\basic fraim work\debug\objectlist.obj
c:\users\kazu\documents\visual studio 2015\projects\basic fraim work\basic fraim work\debug\player.obj
c:\users\kazu\documents\visual studio 2015\projects\basic fraim work\basic fraim work\debug\object.obj
c:\users\kazu\documents\visual studio 2015\projects\basic fraim work\basic fraim work\debug\bullet.obj
c:\users\kazu\documents\visual studio 2015\projects\basic fraim work\basic fraim work\debug\game.obj
c:\users\kazu\documents\visual studio 2015\projects\basic fraim work\basic fraim work\debug\debugdata.obj
c:\users\kazu\documents\visual studio 2015\projects\neir\basic fraim work\debug\vc140.pdb
c:\users\kazu\documents\visual studio 2015\projects\neir\basic fraim work\debug\vc140.idb
c:\users\kazu\documents\visual studio 2015\projects\neir\basic fraim work\debug\bg.obj
c:\users\kazu\documents\visual studio 2015\projects\neir\basic fraim work\debug\bullet.obj
c:\users\kazu\documents\visual studio 2015\projects\neir\basic fraim work\debug\camera.obj
c:\users\kazu\documents\visual studio 2015\projects\neir\basic fraim work\debug\debugdata.obj
c:\users\kazu\documents\visual studio 2015\projects\neir\basic fraim work\debug\game.obj
c:\users\kazu\documents\visual studio 2015\projects\neir\basic fraim work\debug\gameobject.obj
c:\users\kazu\documents\visual studio 2015\projects\neir\basic fraim work\debug\input.obj
c:\users\kazu\documents\visual studio 2015\projects\neir\basic fraim work\debug\light.obj
c:\users\kazu\documents\visual studio 2015\projects\neir\basic fraim work\debug\main.obj
c:\users\kazu\documents\visual studio 2015\projects\neir\basic fraim work\debug\mathwk.obj
c:\users\kazu\documents\visual studio 2015\projects\neir\basic fraim work\debug\meshfield.obj
c:\users\kazu\documents\visual studio 2015\projects\neir\basic fraim work\debug\object.obj
c:\users\kazu\documents\visual studio 2015\projects\neir\basic fraim work\debug\objectlist.obj
c:\users\kazu\documents\visual studio 2015\projects\neir\basic fraim work\debug\player.obj
c:\users\kazu\documents\visual studio 2015\projects\neir\basic fraim work\debug\result.obj
c:\users\kazu\documents\visual studio 2015\projects\neir\basic fraim work\debug\scenemanager.obj
c:\users\kazu\documents\visual studio 2015\projects\neir\basic fraim work\debug\texture.obj
c:\users\kazu\documents\visual studio 2015\projects\neir\basic fraim work\debug\titile.obj
c:\users\kazu\documents\visual studio 2015\projects\neir\basic fraim work\debug\titlemenu.obj
c:\users\kazu\documents\visual studio 2015\projects\neir\basic fraim work\debug\titleobject.obj
c:\users\kazu\documents\visual studio 2015\projects\neir\basic fraim work\debug\basic.obj
c:\users\kazu\documents\visual studio 2015\projects\neir\basic fraim work\debug\meshwater.obj
c:\users\kazu\documents\visual studio 2015\projects\basic fraim work\debug\basic fraim work.ilk
c:\users\kazu\documents\visual studio 2015\projects\basic fraim work\debug\basic fraim work.exe
c:\users\kazu\documents\visual studio 2015\projects\basic fraim work\debug\basic fraim work.pdb
c:\users\kazu\documents\visual studio 2015\projects\neir\debug\basic fraim work.ilk
c:\users\kazu\documents\visual studio 2015\projects\neir\debug\basic fraim work.exe
c:\users\kazu\documents\visual studio 2015\projects\neir\debug\basic fraim work.pdb
c:\users\kazu\documents\visual studio 2015\projects\neir\basic fraim work\debug\basic fraim work.tlog\cl.command.1.tlog
c:\users\kazu\documents\visual studio 2015\projects\neir\basic fraim work\debug\basic fraim work.tlog\cl.read.1.tlog
c:\users\kazu\documents\visual studio 2015\projects\neir\basic fraim work\debug\basic fraim work.tlog\cl.write.1.tlog
c:\users\kazu\documents\visual studio 2015\projects\neir\basic fraim work\debug\basic fraim work.tlog\link-cvtres.read.1.tlog
c:\users\kazu\documents\visual studio 2015\projects\neir\basic fraim work\debug\basic fraim work.tlog\link-cvtres.write.1.tlog
c:\users\kazu\documents\visual studio 2015\projects\neir\basic fraim work\debug\basic fraim work.tlog\link-rc.read.1.tlog
c:\users\kazu\documents\visual studio 2015\projects\neir\basic fraim work\debug\basic fraim work.tlog\link-rc.write.1.tlog
c:\users\kazu\documents\visual studio 2015\projects\neir\basic fraim work\debug\basic fraim work.tlog\link.12148-cvtres.read.1.tlog
c:\users\kazu\documents\visual studio 2015\projects\neir\basic fraim work\debug\basic fraim work.tlog\link.12148-cvtres.write.1.tlog
c:\users\kazu\documents\visual studio 2015\projects\neir\basic fraim work\debug\basic fraim work.tlog\link.12148-rc.read.1.tlog
c:\users\kazu\documents\visual studio 2015\projects\neir\basic fraim work\debug\basic fraim work.tlog\link.12148-rc.write.1.tlog
c:\users\kazu\documents\visual studio 2015\projects\neir\basic fraim work\debug\basic fraim work.tlog\link.12148.read.1.tlog
c:\users\kazu\documents\visual studio 2015\projects\neir\basic fraim work\debug\basic fraim work.tlog\link.12148.write.1.tlog
c:\users\kazu\documents\visual studio 2015\projects\neir\basic fraim work\debug\basic fraim work.tlog\link.command.1.tlog
c:\users\kazu\documents\visual studio 2015\projects\neir\basic fraim work\debug\basic fraim work.tlog\link.read.1.tlog
c:\users\kazu\documents\visual studio 2015\projects\neir\basic fraim work\debug\basic fraim work.tlog\link.write.1.tlog
